<?xml version="1.0" encoding="UTF-8"?>
<testng-results ignored="0" total="1" passed="1" failed="0" skipped="0">
  <reporter-output>
  </reporter-output>
  <suite started-at="2021-11-14T16:18:51 IST" name="Default suite" finished-at="2021-11-14T16:19:01 IST" duration-ms="10797">
    <groups>
    </groups>
    <test started-at="2021-11-14T16:18:51 IST" name="Default test" finished-at="2021-11-14T16:19:01 IST" duration-ms="10797">
      <class name="testClasses.Logintest">
        <test-method is-config="true" signature="setup()[pri:0, instance:testClasses.Logintest@4dd02341]" started-at="2021-11-14T16:18:51 IST" name="setup" finished-at="2021-11-14T16:19:01 IST" duration-ms="10006" status="PASS">
          <reporter-output>
          </reporter-output>
        </test-method> <!-- setup -->
        <test-method signature="validateTitle()[pri:0, instance:testClasses.Logintest@4dd02341]" started-at="2021-11-14T16:19:01 IST" name="validateTitle" finished-at="2021-11-14T16:19:01 IST" duration-ms="18" status="PASS">
          <reporter-output>
          </reporter-output>
        </test-method> <!-- validateTitle -->
        <test-method is-config="true" signature="teardown()[pri:0, instance:testClasses.Logintest@4dd02341]" started-at="2021-11-14T16:19:01 IST" name="teardown" finished-at="2021-11-14T16:19:01 IST" duration-ms="739" status="PASS">
          <reporter-output>
          </reporter-output>
        </test-method> <!-- teardown -->
      </class> <!-- testClasses.Logintest -->
    </test> <!-- Default test -->
  </suite> <!-- Default suite -->
</testng-results>
